<?xml version="1.0" encoding="UTF-8" ?>
<testsuite tests="2" failures="0" name="org.insset.client.GwtTestcalculatorInsset" time="6.969" errors="0" skipped="0">
  <properties>
    <property name="java.runtime.name" value="Java(TM) SE Runtime Environment"/>
    <property name="sun.boot.library.path" value="/Library/Java/JavaVirtualMachines/jdk1.8.0_191.jdk/Contents/Home/jre/lib"/>
    <property name="java.vm.version" value="25.191-b12"/>
    <property name="gopherProxySet" value="false"/>
    <property name="org.w3c.css.sac.parser" value="com.steadystate.css.parser.SACParserCSS3"/>
    <property name="java.vm.vendor" value="Oracle Corporation"/>
    <property name="java.vendor.url" value="http://java.oracle.com/"/>
    <property name="path.separator" value=":"/>
    <property name="java.vm.name" value="Java HotSpot(TM) 64-Bit Server VM"/>
    <property name="file.encoding.pkg" value="sun.io"/>
    <property name="user.country" value="FR"/>
    <property name="sun.java.launcher" value="SUN_STANDARD"/>
    <property name="sun.os.patch.level" value="unknown"/>
    <property name="surefire.reports" value="/Users/mickeniepceron/Sites/ClculatorInsset/target/surefire-reports"/>
    <property name="java.vm.specification.name" value="Java Virtual Machine Specification"/>
    <property name="user.dir" value="/Users/mickeniepceron/Sites/ClculatorInsset"/>
    <property name="java.runtime.version" value="1.8.0_191-b12"/>
    <property name="java.awt.graphicsenv" value="sun.awt.CGraphicsEnvironment"/>
    <property name="java.endorsed.dirs" value="/Library/Java/JavaVirtualMachines/jdk1.8.0_191.jdk/Contents/Home/jre/lib/endorsed"/>
    <property name="os.arch" value="x86_64"/>
    <property name="java.io.tmpdir" value="/var/folders/s6/d_8qhynn28d6pmd86p55hl2m0000gp/T/"/>
    <property name="line.separator" value="
"/>
    <property name="java.vm.specification.vendor" value="Oracle Corporation"/>
    <property name="os.name" value="Mac OS X"/>
    <property name="com.apple.eawt.CocoaComponent.CompatibilityMode" value="false"/>
    <property name="sun.jnu.encoding" value="UTF-8"/>
    <property name="java.library.path" value="/Users/mickeniepceron/Library/Java/Extensions:/Library/Java/Extensions:/Network/Library/Java/Extensions:/System/Library/Java/Extensions:/usr/lib/java:."/>
    <property name="gwt.args" value="-war /Users/mickeniepceron/Sites/ClculatorInsset/target/www-test -logLevel INFO -devMode -nocheckAssertions -XclusterFunctions -XcheckCasts -XclassMetadata -XcodeSplitting -nodraftCompile -XinlineLiteralParameters -XoptimizeDataflow -XordinalizeEnums -XremoveDuplicateFunctions -noshowUi -sourceLevel 1.7 -testBeginTimeout 1 -testMethodTimeout 5 -Xtries 1 -noincremental -precompile simple -runStyle HtmlUnit:FF17"/>
    <property name="java.specification.name" value="Java Platform API Specification"/>
    <property name="java.class.version" value="52.0"/>
    <property name="sun.management.compiler" value="HotSpot 64-Bit Tiered Compilers"/>
    <property name="os.version" value="10.15.7"/>
    <property name="http.nonProxyHosts" value="local|*.local|169.254/16|*.169.254/16"/>
    <property name="user.home" value="/Users/mickeniepceron"/>
    <property name="user.timezone" value="Europe/Paris"/>
    <property name="java.awt.printerjob" value="sun.lwawt.macosx.CPrinterJob"/>
    <property name="java.specification.version" value="1.8"/>
    <property name="file.encoding" value="UTF-8"/>
    <property name="user.name" value="mickeniepceron"/>
    <property name="java.class.path" value="/Users/mickeniepceron/Sites/ClculatorInsset/target/calculatorInsset-1.0-SNAPSHOT/WEB-INF/classes:/Users/mickeniepceron/Sites/ClculatorInsset/src/main/java:/Users/mickeniepceron/Sites/ClculatorInsset/src/test/java:/Users/mickeniepceron/Sites/ClculatorInsset/src/test/resources:/Users/mickeniepceron/Sites/ClculatorInsset/target/test-classes:/Users/mickeniepceron/.m2/repository/com/google/gwt/gwt-servlet/2.7.0/gwt-servlet-2.7.0.jar:/Users/mickeniepceron/.m2/repository/com/google/gwt/gwt-user/2.7.0/gwt-user-2.7.0.jar:/Users/mickeniepceron/.m2/repository/javax/validation/validation-api/1.0.0.GA/validation-api-1.0.0.GA.jar:/Users/mickeniepceron/.m2/repository/javax/validation/validation-api/1.0.0.GA/validation-api-1.0.0.GA-sources.jar:/Users/mickeniepceron/.m2/repository/com/google/gwt/gwt-dev/2.7.0/gwt-dev-2.7.0.jar:/Users/mickeniepceron/.m2/repository/org/ow2/asm/asm/5.0.3/asm-5.0.3.jar:/Users/mickeniepceron/.m2/repository/org/ow2/asm/asm-util/5.0.3/asm-util-5.0.3.jar:/Users/mickeniepceron/.m2/repository/org/ow2/asm/asm-tree/5.0.3/asm-tree-5.0.3.jar:/Users/mickeniepceron/.m2/repository/org/ow2/asm/asm-commons/5.0.3/asm-commons-5.0.3.jar:/Users/mickeniepceron/.m2/repository/junit/junit/4.11/junit-4.11.jar:/Users/mickeniepceron/.m2/repository/org/hamcrest/hamcrest-core/1.3/hamcrest-core-1.3.jar:/Users/mickeniepceron/.m2/repository/com/google/gwt/gwt-user/2.7.0/gwt-user-2.7.0.jar:/Users/mickeniepceron/.m2/repository/javax/validation/validation-api/1.0.0.GA/validation-api-1.0.0.GA.jar:/Users/mickeniepceron/.m2/repository/javax/validation/validation-api/1.0.0.GA/validation-api-1.0.0.GA-sources.jar:/Users/mickeniepceron/.m2/repository/com/google/gwt/gwt-dev/2.7.0/gwt-dev-2.7.0.jar:/Users/mickeniepceron/.m2/repository/org/ow2/asm/asm/5.0.3/asm-5.0.3.jar:/Users/mickeniepceron/.m2/repository/org/ow2/asm/asm-util/5.0.3/asm-util-5.0.3.jar:/Users/mickeniepceron/.m2/repository/org/ow2/asm/asm-tree/5.0.3/asm-tree-5.0.3.jar:/Users/mickeniepceron/.m2/repository/org/ow2/asm/asm-commons/5.0.3/asm-commons-5.0.3.jar:/Users/mickeniepceron/.m2/repository/org/codehaus/mojo/gwt-maven-plugin/2.7.0/gwt-maven-plugin-2.7.0.jar:/Users/mickeniepceron/.m2/repository/org/apache/maven/surefire/surefire-api/2.4.3/surefire-api-2.4.3.jar"/>
    <property name="build.compiler" value="com.google.gwt.dev.shell.jetty.JettyLauncher$JDTCompiler16"/>
    <property name="java.vm.specification.version" value="1.8"/>
    <property name="sun.arch.data.model" value="64"/>
    <property name="java.home" value="/Library/Java/JavaVirtualMachines/jdk1.8.0_191.jdk/Contents/Home/jre"/>
    <property name="sun.java.command" value="org.codehaus.mojo.gwt.test.MavenTestRunner org.insset.client.GwtTestcalculatorInsset"/>
    <property name="java.specification.vendor" value="Oracle Corporation"/>
    <property name="user.language" value="fr"/>
    <property name="awt.toolkit" value="sun.lwawt.macosx.LWCToolkit"/>
    <property name="java.vm.info" value="mixed mode"/>
    <property name="org.eclipse.jetty.xml.XmlParser.Validating" value="false"/>
    <property name="java.version" value="1.8.0_191"/>
    <property name="java.ext.dirs" value="/Users/mickeniepceron/Library/Java/Extensions:/Library/Java/JavaVirtualMachines/jdk1.8.0_191.jdk/Contents/Home/jre/lib/ext:/Library/Java/Extensions:/Network/Library/Java/Extensions:/System/Library/Java/Extensions:/usr/lib/java"/>
    <property name="sun.boot.class.path" value="/Library/Java/JavaVirtualMachines/jdk1.8.0_191.jdk/Contents/Home/jre/lib/resources.jar:/Library/Java/JavaVirtualMachines/jdk1.8.0_191.jdk/Contents/Home/jre/lib/rt.jar:/Library/Java/JavaVirtualMachines/jdk1.8.0_191.jdk/Contents/Home/jre/lib/sunrsasign.jar:/Library/Java/JavaVirtualMachines/jdk1.8.0_191.jdk/Contents/Home/jre/lib/jsse.jar:/Library/Java/JavaVirtualMachines/jdk1.8.0_191.jdk/Contents/Home/jre/lib/jce.jar:/Library/Java/JavaVirtualMachines/jdk1.8.0_191.jdk/Contents/Home/jre/lib/charsets.jar:/Library/Java/JavaVirtualMachines/jdk1.8.0_191.jdk/Contents/Home/jre/lib/jfr.jar:/Library/Java/JavaVirtualMachines/jdk1.8.0_191.jdk/Contents/Home/jre/classes"/>
    <property name="java.vendor" value="Oracle Corporation"/>
    <property name="file.separator" value="/"/>
    <property name="java.vendor.url.bug" value="http://bugreport.sun.com/bugreport/"/>
    <property name="sun.cpu.endian" value="little"/>
    <property name="sun.io.unicode.encoding" value="UnicodeBig"/>
    <property name="sun.font.fontmanager" value="sun.font.CFontManager"/>
    <property name="socksNonProxyHosts" value="local|*.local|169.254/16|*.169.254/16"/>
    <property name="ftp.nonProxyHosts" value="local|*.local|169.254/16|*.169.254/16"/>
    <property name="sun.cpu.isalist" value=""/>
  </properties>
  <testcase classname="org.insset.client.GwtTestcalculatorInsset" name="testFieldVerifier" time="6.906"/>
  <testcase classname="org.insset.client.GwtTestcalculatorInsset" name="testExempleService" time="0.058"/>
</testsuite>